<?xml version="1.0" encoding="UTF-8"?>
<testng-results skipped="0" failed="0" ignored="0" total="1" passed="1">
  <reporter-output>
  </reporter-output>
  <suite name="Default suite" duration-ms="39341" started-at="2017-02-07T11:38:34Z" finished-at="2017-02-07T11:39:13Z">
    <groups>
    </groups>
    <test name="Default test" duration-ms="39341" started-at="2017-02-07T11:38:34Z" finished-at="2017-02-07T11:39:13Z">
      <class name="travelBookingOperations.ExecutionScript">
        <test-method status="PASS" signature="setup()[pri:0, instance:travelBookingOperations.ExecutionScript@544fe44c]" name="setup" is-config="true" duration-ms="6962" started-at="2017-02-07T17:08:34Z" finished-at="2017-02-07T17:08:41Z">
          <reporter-output>
          </reporter-output>
        </test-method> <!-- setup -->
        <test-method status="PASS" signature="executor()[pri:0, instance:travelBookingOperations.ExecutionScript@544fe44c]" name="executor" duration-ms="30843" started-at="2017-02-07T17:08:41Z" finished-at="2017-02-07T17:09:12Z">
          <reporter-output>
          </reporter-output>
        </test-method> <!-- executor -->
        <test-method status="PASS" signature="cleanup()[pri:0, instance:travelBookingOperations.ExecutionScript@544fe44c]" name="cleanup" is-config="true" duration-ms="1474" started-at="2017-02-07T17:09:12Z" finished-at="2017-02-07T17:09:13Z">
          <reporter-output>
          </reporter-output>
        </test-method> <!-- cleanup -->
      </class> <!-- travelBookingOperations.ExecutionScript -->
    </test> <!-- Default test -->
  </suite> <!-- Default suite -->
</testng-results>
